# JRE version: OpenJDK Runtime Environment (8.0_152-b01) (build 1.8.0_152-release-1024-b01)
# Java VM: OpenJDK 64-Bit Server VM (25.152-b01 mixed mode linux-amd64 compressed oops)
Heap:
 PSYoungGen      total 315392K, used 22497K [0x00000000e0000000, 0x00000000f4a00000, 0x0000000100000000)
  eden space 292864K, 0% used [0x00000000e0000000,0x00000000e0000000,0x00000000f1e00000)
  from space 22528K, 99% used [0x00000000f1e00000,0x00000000f33f86f0,0x00000000f3400000)
  to   space 22528K, 0% used [0x00000000f3400000,0x00000000f3400000,0x00000000f4a00000)
 ParOldGen       total 97792K, used 97667K [0x00000000a0000000, 0x00000000a5f80000, 0x00000000e0000000)
  object space 97792K, 99% used [0x00000000a0000000,0x00000000a5f60dd0,0x00000000a5f80000)
 Metaspace       used 84448K, capacity 88976K, committed 89216K, reserved 1126400K
  class space    used 10947K, capacity 11882K, committed 11904K, reserved 1048576K
GC Heap History (10 events):
Event: 34.974 GC heap after
Heap after GC invocations=17 (full 3):
 PSYoungGen      total 246272K, used 17396K [0x00000000e0000000, 0x00000000f1b80000, 0x0000000100000000)
  eden space 228864K, 0% used [0x00000000e0000000,0x00000000e0000000,0x00000000edf80000)
  from space 17408K, 99% used [0x00000000f0a80000,0x00000000f1b7d1f0,0x00000000f1b80000)
  to   space 21504K, 0% used [0x00000000ef180000,0x00000000ef180000,0x00000000f0680000)
 ParOldGen       total 91648K, used 46331K [0x00000000a0000000, 0x00000000a5980000, 0x00000000e0000000)
  object space 91648K, 50% used [0x00000000a0000000,0x00000000a2d3eeb0,0x00000000a5980000)
 Metaspace       used 65187K, capacity 67426K, committed 67712K, reserved 1107968K
  class space    used 8653K, capacity 9230K, committed 9344K, reserved 1048576K
}
Event: 119.576 GC heap before
{Heap before GC invocations=18 (full 3):
 PSYoungGen      total 246272K, used 246260K [0x00000000e0000000, 0x00000000f1b80000, 0x0000000100000000)
  eden space 228864K, 100% used [0x00000000e0000000,0x00000000edf80000,0x00000000edf80000)
  from space 17408K, 99% used [0x00000000f0a80000,0x00000000f1b7d1f0,0x00000000f1b80000)
  to   space 21504K, 0% used [0x00000000ef180000,0x00000000ef180000,0x00000000f0680000)
 ParOldGen       total 91648K, used 46331K [0x00000000a0000000, 0x00000000a5980000, 0x00000000e0000000)
  object space 91648K, 50% used [0x00000000a0000000,0x00000000a2d3eeb0,0x00000000a5980000)
 Metaspace       used 69156K, capacity 71980K, committed 72064K, reserved 1112064K
  class space    used 9119K, capacity 9790K, committed 9856K, reserved 1048576K
Event: 119.637 GC heap after
Heap after GC invocations=18 (full 3):
 PSYoungGen      total 268800K, used 10814K [0x00000000e0000000, 0x00000000f3180000, 0x0000000100000000)
  eden space 247296K, 0% used [0x00000000e0000000,0x00000000e0000000,0x00000000ef180000)
  from space 21504K, 50% used [0x00000000ef180000,0x00000000efc0f870,0x00000000f0680000)
  to   space 20480K, 0% used [0x00000000f1d80000,0x00000000f1d80000,0x00000000f3180000)
 ParOldGen       total 91648K, used 49746K [0x00000000a0000000, 0x00000000a5980000, 0x00000000e0000000)
  object space 91648K, 54% used [0x00000000a0000000,0x00000000a30948a8,0x00000000a5980000)
 Metaspace       used 69156K, capacity 71980K, committed 72064K, reserved 1112064K
  class space    used 9119K, capacity 9790K, committed 9856K, reserved 1048576K
}
Event: 257.371 GC heap before
{Heap before GC invocations=19 (full 3):
 PSYoungGen      total 268800K, used 258110K [0x00000000e0000000, 0x00000000f3180000, 0x0000000100000000)
  eden space 247296K, 100% used [0x00000000e0000000,0x00000000ef180000,0x00000000ef180000)
  from space 21504K, 50% used [0x00000000ef180000,0x00000000efc0f870,0x00000000f0680000)
  to   space 20480K, 0% used [0x00000000f1d80000,0x00000000f1d80000,0x00000000f3180000)
 ParOldGen       total 91648K, used 49746K [0x00000000a0000000, 0x00000000a5980000, 0x00000000e0000000)
  object space 91648K, 54% used [0x00000000a0000000,0x00000000a30948a8,0x00000000a5980000)
 Metaspace       used 70598K, capacity 73944K, committed 73984K, reserved 1114112K
  class space    used 9191K, capacity 9976K, committed 9984K, reserved 1048576K
Event: 257.510 GC heap after
Heap after GC invocations=19 (full 3):
 PSYoungGen      total 288768K, used 20469K [0x00000000e0000000, 0x00000000f4680000, 0x0000000100000000)
  eden space 268288K, 0% used [0x00000000e0000000,0x00000000e0000000,0x00000000f0600000)
  from space 20480K, 99% used [0x00000000f1d80000,0x00000000f317d618,0x00000000f3180000)
  to   space 24064K, 0% used [0x00000000f0600000,0x00000000f0600000,0x00000000f1d80000)
 ParOldGen       total 91648K, used 50994K [0x00000000a0000000, 0x00000000a5980000, 0x00000000e0000000)
  object space 91648K, 55% used [0x00000000a0000000,0x00000000a31cc8e8,0x00000000a5980000)
 Metaspace       used 70598K, capacity 73944K, committed 73984K, reserved 1114112K
  class space    used 9191K, capacity 9976K, committed 9984K, reserved 1048576K
}
Event: 307.914 GC heap before
{Heap before GC invocations=20 (full 3):
 PSYoungGen      total 288768K, used 288757K [0x00000000e0000000, 0x00000000f4680000, 0x0000000100000000)
  eden space 268288K, 100% used [0x00000000e0000000,0x00000000f0600000,0x00000000f0600000)
  from space 20480K, 99% used [0x00000000f1d80000,0x00000000f317d618,0x00000000f3180000)
  to   space 24064K, 0% used [0x00000000f0600000,0x00000000f0600000,0x00000000f1d80000)
 ParOldGen       total 91648K, used 50994K [0x00000000a0000000, 0x00000000a5980000, 0x00000000e0000000)
  object space 91648K, 55% used [0x00000000a0000000,0x00000000a31cc8e8,0x00000000a5980000)
 Metaspace       used 71379K, capacity 74944K, committed 75136K, reserved 1114112K
  class space    used 9270K, capacity 10084K, committed 10112K, reserved 1048576K
Event: 307.996 GC heap after
Heap after GC invocations=20 (full 3):
 PSYoungGen      total 292352K, used 6016K [0x00000000e0000000, 0x00000000f4b00000, 0x0000000100000000)
  eden space 268288K, 0% used [0x00000000e0000000,0x00000000e0000000,0x00000000f0600000)
  from space 24064K, 25% used [0x00000000f0600000,0x00000000f0be0080,0x00000000f1d80000)
  to   space 23552K, 0% used [0x00000000f3400000,0x00000000f3400000,0x00000000f4b00000)
 ParOldGen       total 91648K, used 67450K [0x00000000a0000000, 0x00000000a5980000, 0x00000000e0000000)
  object space 91648K, 73% used [0x00000000a0000000,0x00000000a41de980,0x00000000a5980000)
 Metaspace       used 71379K, capacity 74944K, committed 75136K, reserved 1114112K
  class space    used 9270K, capacity 10084K, committed 10112K, reserved 1048576K
}
Event: 311.413 GC heap before
{Heap before GC invocations=21 (full 3):
 PSYoungGen      total 292352K, used 274304K [0x00000000e0000000, 0x00000000f4b00000, 0x0000000100000000)
  eden space 268288K, 100% used [0x00000000e0000000,0x00000000f0600000,0x00000000f0600000)
  from space 24064K, 25% used [0x00000000f0600000,0x00000000f0be0080,0x00000000f1d80000)
  to   space 23552K, 0% used [0x00000000f3400000,0x00000000f3400000,0x00000000f4b00000)
 ParOldGen       total 91648K, used 67450K [0x00000000a0000000, 0x00000000a5980000, 0x00000000e0000000)
  object space 91648K, 73% used [0x00000000a0000000,0x00000000a41de980,0x00000000a5980000)
 Metaspace       used 76345K, capacity 79962K, committed 80128K, reserved 1118208K
  class space    used 9846K, capacity 10669K, committed 10752K, reserved 1048576K
Event: 311.481 GC heap after
Heap after GC invocations=21 (full 3):
 PSYoungGen      total 315392K, used 9442K [0x00000000e0000000, 0x00000000f4a00000, 0x0000000100000000)
  eden space 292864K, 0% used [0x00000000e0000000,0x00000000e0000000,0x00000000f1e00000)
  from space 22528K, 41% used [0x00000000f3400000,0x00000000f3d38868,0x00000000f4a00000)
  to   space 22528K, 0% used [0x00000000f1e00000,0x00000000f1e00000,0x00000000f3400000)
 ParOldGen       total 91648K, used 67458K [0x00000000a0000000, 0x00000000a5980000, 0x00000000e0000000)
  object space 91648K, 73% used [0x00000000a0000000,0x00000000a41e0980,0x00000000a5980000)
 Metaspace       used 76345K, capacity 79962K, committed 80128K, reserved 1118208K
  class space    used 9846K, capacity 10669K, committed 10752K, reserved 1048576K
}
Event: 318.383 GC heap before
{Heap before GC invocations=22 (full 3):
 PSYoungGen      total 315392K, used 302306K [0x00000000e0000000, 0x00000000f4a00000, 0x0000000100000000)
  eden space 292864K, 100% used [0x00000000e0000000,0x00000000f1e00000,0x00000000f1e00000)
  from space 22528K, 41% used [0x00000000f3400000,0x00000000f3d38868,0x00000000f4a00000)
  to   space 22528K, 0% used [0x00000000f1e00000,0x00000000f1e00000,0x00000000f3400000)
 ParOldGen       total 91648K, used 67458K [0x00000000a0000000, 0x00000000a5980000, 0x00000000e0000000)
  object space 91648K, 73% used [0x00000000a0000000,0x00000000a41e0980,0x00000000a5980000)
 Metaspace       used 84448K, capacity 88976K, committed 89216K, reserved 1126400K
  class space    used 10947K, capacity 11882K, committed 11904K, reserved 1048576K

